### gap = 2^-i
### but no call to hilbert
### init with c, u2r
test Goldstein-Price results:
number of function evaluations = 9
optimum = 3.0 , x = [ 0. -1.] 

test Rosenbrock results:
number of function evaluations = 79
optimum = 12.5493774414 , x = [ 0.         -0.33984375] 

test Six-hump Camelback results:
number of function evaluations = 53
optimum = -1.03008915637 , x = [-0.109375   0.7109375] 

test Rastrigin results:
number of function evaluations = 2
optimum = -2.0 , x = [ 0.  0.] 

test Griewank results:
number of function evaluations = 2
optimum = 0.0 , x = [ 0.  0.  0.  0.  0.  0.  0.  0.  0.  0.] 

test Hartmann results:
number of function evaluations = 149
optimum = -2.6968293163 , x = [ 0.23217773  0.53570557  0.92858887] 

test Branin results:
number of function evaluations = 65
optimum = 0.417524093142 , x = [ 3.11523438  2.16796875] 

test Shekel results:
number of function evaluations = 135
optimum = -1.5046966453 , x = [ 4.66674805  3.76037598  4.76074219  4.33349609] 
